<?xml version="1.0" encoding="UTF-8"?>
<!-- Generated by org.testng.reporters.JUnitXMLReporter -->
<testsuite ignored="0" hostname="SOMESH-VERENKAR-007" failures="0" tests="4" name="Default test" time="41.499" errors="0" timestamp="2022-01-29T22:36:15 IST">
  <testcase classname="ProductTestCases.ProductTest" name="createProductTest" time="4.163"/>
  <testcase classname="ProductTestCases.ProductTest" name="deleteProductTest" time="6.521"/>
  <testcase classname="ProductTestCases.ProductTest" name="updateProductTest" time="4.213"/>
  <testcase classname="ProductTestCases.ProductTest" name="viewProductsTest" time="2.909"/>
</testsuite> <!-- Default test -->
