<?xml version="1.0" encoding="UTF-8"?>
<testng-results ignored="0" total="4" passed="4" failed="0" skipped="0">
  <reporter-output>
  </reporter-output>
  <suite started-at="2022-01-29T22:35:33 IST" name="Default suite" finished-at="2022-01-29T22:36:15 IST" duration-ms="41499">
    <groups>
    </groups>
    <test started-at="2022-01-29T22:35:33 IST" name="Default test" finished-at="2022-01-29T22:36:15 IST" duration-ms="41499">
      <class name="ProductTestCases.ProductTest">
        <test-method is-config="true" signature="setUp()[pri:0, instance:ProductTestCases.ProductTest@1fe20588]" started-at="2022-01-29T22:35:33 IST" name="setUp" finished-at="2022-01-29T22:35:55 IST" duration-ms="22323" status="PASS">
          <reporter-output>
          </reporter-output>
        </test-method> <!-- setUp -->
        <test-method signature="createProductTest()[pri:0, instance:ProductTestCases.ProductTest@1fe20588]" started-at="2022-01-29T22:35:56 IST" name="createProductTest" finished-at="2022-01-29T22:36:00 IST" duration-ms="4163" status="PASS">
          <reporter-output>
          </reporter-output>
        </test-method> <!-- createProductTest -->
        <test-method signature="deleteProductTest()[pri:0, instance:ProductTestCases.ProductTest@1fe20588]" started-at="2022-01-29T22:36:00 IST" name="deleteProductTest" finished-at="2022-01-29T22:36:06 IST" duration-ms="6521" status="PASS">
          <reporter-output>
          </reporter-output>
        </test-method> <!-- deleteProductTest -->
        <test-method signature="updateProductTest()[pri:0, instance:ProductTestCases.ProductTest@1fe20588]" started-at="2022-01-29T22:36:06 IST" name="updateProductTest" finished-at="2022-01-29T22:36:11 IST" duration-ms="4213" status="PASS">
          <reporter-output>
          </reporter-output>
        </test-method> <!-- updateProductTest -->
        <test-method signature="viewProductsTest()[pri:0, instance:ProductTestCases.ProductTest@1fe20588]" started-at="2022-01-29T22:36:11 IST" name="viewProductsTest" finished-at="2022-01-29T22:36:13 IST" duration-ms="2909" status="PASS">
          <reporter-output>
          </reporter-output>
        </test-method> <!-- viewProductsTest -->
        <test-method is-config="true" signature="tearDown()[pri:0, instance:ProductTestCases.ProductTest@1fe20588]" started-at="2022-01-29T22:36:13 IST" name="tearDown" finished-at="2022-01-29T22:36:15 IST" duration-ms="1174" status="PASS">
          <reporter-output>
          </reporter-output>
        </test-method> <!-- tearDown -->
      </class> <!-- ProductTestCases.ProductTest -->
    </test> <!-- Default test -->
  </suite> <!-- Default suite -->
</testng-results>
